<?xml version="1.0" encoding="UTF-8"?>
<!-- Generated by org.testng.reporters.JUnitXMLReporter -->
<testsuite ignored="0" hostname="Ranjitha" failures="0" tests="0" name="Surefire test" time="0.903" errors="0" timestamp="2024-03-05T19:51:28 IST">
  <testcase classname="io.cucumber.testng.AbstractTestNGCucumberTests" name="@BeforeClass setUpClass" time="0.824">
    <failure type="io.cucumber.core.gherkin.FeatureParserException" message="Failed to parse resource at: file:///C:/Users/Ranji/eclipse-workspace/SimpleCucumberFramework/src/test/java/features/searchProduct.feature
(6:1): expected: #TagLine, #RuleLine, #Comment, #Empty, got &amp;apos;Given User is in the greencart home page&amp;apos;
(7:1): expected: #TagLine, #RuleLine, #Comment, #Empty, got &amp;apos;When user searched with shortname &amp;lt;Name&amp;gt; and extracted product name in home page&amp;apos;
(8:1): expected: #TagLine, #RuleLine, #Comment, #Empty, got &amp;apos;Then user searched the shortname &amp;lt;Name&amp;gt; in offers page to check if product exist&amp;apos;
(9:1): expected: #TagLine, #RuleLine, #Comment, #Empty, got &amp;apos;And Validate product name of home page matches with product in offers page&amp;apos;
(11:1): expected: #TagLine, #RuleLine, #Comment, #Empty, got &amp;apos;Examples:&amp;apos;
(12:1): expected: #TagLine, #RuleLine, #Comment, #Empty, got &amp;apos;| Name |&amp;apos;
(13:1): expected: #TagLine, #RuleLine, #Comment, #Empty, got &amp;apos;| Tom  |&amp;apos;
(14:1): expected: #TagLine, #RuleLine, #Comment, #Empty, got &amp;apos;| Beet |&amp;apos;
(15:0): unexpected end of file, expected: #TagLine, #RuleLine, #Comment, #Empty">
      <![CDATA[io.cucumber.core.gherkin.FeatureParserException: Failed to parse resource at: file:///C:/Users/Ranji/eclipse-workspace/SimpleCucumberFramework/src/test/java/features/searchProduct.feature
(6:1): expected: #TagLine, #RuleLine, #Comment, #Empty, got 'Given User is in the greencart home page'
(7:1): expected: #TagLine, #RuleLine, #Comment, #Empty, got 'When user searched with shortname <Name> and extracted product name in home page'
(8:1): expected: #TagLine, #RuleLine, #Comment, #Empty, got 'Then user searched the shortname <Name> in offers page to check if product exist'
(9:1): expected: #TagLine, #RuleLine, #Comment, #Empty, got 'And Validate product name of home page matches with product in offers page'
(11:1): expected: #TagLine, #RuleLine, #Comment, #Empty, got 'Examples:'
(12:1): expected: #TagLine, #RuleLine, #Comment, #Empty, got '| Name |'
(13:1): expected: #TagLine, #RuleLine, #Comment, #Empty, got '| Tom  |'
(14:1): expected: #TagLine, #RuleLine, #Comment, #Empty, got '| Beet |'
(15:0): unexpected end of file, expected: #TagLine, #RuleLine, #Comment, #Empty
at io.cucumber.core.gherkin.messages.GherkinMessagesFeatureParser.parse(GherkinMessagesFeatureParser.java:56)
at io.cucumber.core.feature.FeatureParser.parseResource(FeatureParser.java:46)
at java.base/java.util.function.BiFunction.lambda$andThen$0(BiFunction.java:70)
at io.cucumber.core.resource.ResourceScanner.lambda$processResource$1(ResourceScanner.java:79)
at io.cucumber.core.resource.PathScanner$ResourceFileVisitor.visitFile(PathScanner.java:75)
at io.cucumber.core.resource.PathScanner$ResourceFileVisitor.visitFile(PathScanner.java:60)
at java.base/java.nio.file.Files.walkFileTree(Files.java:2811)
at io.cucumber.core.resource.PathScanner.findResourcesForPath(PathScanner.java:53)
at io.cucumber.core.resource.PathScanner.findResourcesForUri(PathScanner.java:31)
at io.cucumber.core.resource.ResourceScanner.findResourcesForUri(ResourceScanner.java:61)
at io.cucumber.core.resource.ResourceScanner.scanForResourcesUri(ResourceScanner.java:134)
at io.cucumber.core.runtime.FeaturePathFeatureSupplier.loadFeatures(FeaturePathFeatureSupplier.java:62)
at io.cucumber.core.runtime.FeaturePathFeatureSupplier.get(FeaturePathFeatureSupplier.java:45)
at io.cucumber.testng.TestNGCucumberRunner.<init>(TestNGCucumberRunner.java:122)
at io.cucumber.testng.AbstractTestNGCucumberTests.setUpClass(AbstractTestNGCucumberTests.java:27)
at java.base/java.util.ArrayList.forEach(ArrayList.java:1511)
... Removed 30 stack frames]]>
    </failure>
  </testcase> <!-- @BeforeClass setUpClass -->
</testsuite> <!-- Surefire test -->
